2021-06-02 12:20:57,584 - arangopipe_logger - INFO - The asset by name: heart beat check was not found in Arangopipe!
2021-06-02 12:21:00,557 - arangopipe_logger - INFO - The asset by name: Feature Selection Task_276245246259245032077128294479377710687 was not found in Arangopipe!
2021-06-02 12:21:01,168 - arangopipe_logger - INFO - Recording project model link {'_id': 'project_models/662607763-660634720', '_key': '662607763-660634720', '_rev': '_car7VB6--A'}
2021-06-02 12:21:03,451 - arangopipe_logger - INFO - Run info {'_key': '289028246288011031348243750459564014229', 'timestamp': '2021-06-02 12:21:03.451327', 'tag': 'Retail_Graph_Analytics'}
2021-06-02 12:21:03,635 - arangopipe_logger - INFO - Recording run {'_id': 'run/289028246288011031348243750459564014229', '_key': '289028246288011031348243750459564014229', '_rev': '_car7XdS--A'}
2021-06-02 12:21:03,831 - arangopipe_logger - INFO - Recording model run link {'_id': 'run_models/289028246288011031348243750459564014229-660634720', '_key': '289028246288011031348243750459564014229-660634720', '_rev': '_car7XpK--A'}
2021-06-02 12:21:04,035 - arangopipe_logger - INFO - Recording model params {'_id': 'modelparams/289028246288011031348243750459564014229', '_key': '289028246288011031348243750459564014229', '_rev': '_car7X1W--A'}
2021-06-02 12:21:04,239 - arangopipe_logger - INFO - Recording run featureset link {'_id': 'run_featuresets/289028246288011031348243750459564014229-662607765', '_key': '289028246288011031348243750459564014229-662607765', '_rev': '_car7YC---_'}
2021-06-02 12:21:04,434 - arangopipe_logger - INFO - Recording run model params {'_id': 'run_modelparams/289028246288011031348243750459564014229-289028246288011031348243750459564014229', '_key': '289028246288011031348243750459564014229-289028246288011031348243750459564014229', '_rev': '_car7YOm--A'}
2021-06-02 12:21:04,649 - arangopipe_logger - INFO - Recording model dev performance  {'_id': 'devperf/289028246288011031348243750459564014229', '_key': '289028246288011031348243750459564014229', '_rev': '_car7Ya6--_'}
2021-06-02 12:21:04,854 - arangopipe_logger - INFO - Recording run dev perf link {'_id': 'run_devperf/289028246288011031348243750459564014229-289028246288011031348243750459564014229', '_key': '289028246288011031348243750459564014229-289028246288011031348243750459564014229', '_rev': '_car7You--A'}
2021-06-02 12:21:05,059 - arangopipe_logger - INFO - Recording run dev perf link {'_id': 'run_datasets/289028246288011031348243750459564014229-662607764', '_key': '289028246288011031348243750459564014229-662607764', '_rev': '_car7Y1a--A'}
2021-06-02 12:22:42,343 - arangopipe_logger - INFO - The asset by name: heart beat check was not found in Arangopipe!
2021-06-02 12:22:42,976 - arangopipe_logger - INFO - The asset by name: Feature Selection Task_119325941629822362851039397278137931003 was not found in Arangopipe!
2021-06-02 12:22:44,282 - arangopipe_logger - INFO - Recording project model link {'_id': 'project_models/662607763-639217078', '_key': '662607763-639217078', '_rev': '_car85ve--A'}
2021-06-02 12:22:44,296 - arangopipe_logger - INFO - Run info {'_key': '319458360646456926614950972275208954384', 'timestamp': '2021-06-02 12:22:44.296779', 'tag': 'Retail_Graph_Analytics'}
2021-06-02 12:22:44,488 - arangopipe_logger - INFO - Recording run {'_id': 'run/319458360646456926614950972275208954384', '_key': '319458360646456926614950972275208954384', '_rev': '_car858u--_'}
2021-06-02 12:22:44,694 - arangopipe_logger - INFO - Recording model run link {'_id': 'run_models/319458360646456926614950972275208954384-639217078', '_key': '319458360646456926614950972275208954384-639217078', '_rev': '_car86JC---'}
2021-06-02 12:22:44,899 - arangopipe_logger - INFO - Recording model params {'_id': 'modelparams/319458360646456926614950972275208954384', '_key': '319458360646456926614950972275208954384', '_rev': '_car86V2---'}
2021-06-02 12:22:45,104 - arangopipe_logger - INFO - Recording run featureset link {'_id': 'run_featuresets/319458360646456926614950972275208954384-662607765', '_key': '319458360646456926614950972275208954384-662607765', '_rev': '_car86ie--A'}
2021-06-02 12:22:45,308 - arangopipe_logger - INFO - Recording run model params {'_id': 'run_modelparams/319458360646456926614950972275208954384-319458360646456926614950972275208954384', '_key': '319458360646456926614950972275208954384-319458360646456926614950972275208954384', '_rev': '_car86ve--B'}
2021-06-02 12:22:45,513 - arangopipe_logger - INFO - Recording model dev performance  {'_id': 'devperf/319458360646456926614950972275208954384', '_key': '319458360646456926614950972275208954384', '_rev': '_car868O--A'}
2021-06-02 12:22:45,718 - arangopipe_logger - INFO - Recording run dev perf link {'_id': 'run_devperf/319458360646456926614950972275208954384-319458360646456926614950972275208954384', '_key': '319458360646456926614950972275208954384-319458360646456926614950972275208954384', '_rev': '_car87JG--A'}
2021-06-02 12:22:45,923 - arangopipe_logger - INFO - Recording run dev perf link {'_id': 'run_datasets/319458360646456926614950972275208954384-662607764', '_key': '319458360646456926614950972275208954384-662607764', '_rev': '_car87Vy--A'}
